<?xml version="1.0" encoding="UTF-8"?>
<!-- Generated by org.testng.reporters.JUnitXMLReporter -->
<testsuite ignored="4" hostname="DESKTOP-7HVNTQK" failures="0" tests="1" name="Test1111111" time="39.702" errors="0" timestamp="2024-12-10T21:46:51 IST">
  <testcase classname="CreateCampaign.Create_CampaignTest" name="Create_CampaignTest" time="31.603"/>
  <testcase classname="Generic_utility.Base_class01" name="@AfterTest AT" time="0.0">
    <ignored/>
  </testcase> <!-- @AfterTest AT -->
  <testcase classname="Generic_utility.Base_class01" name="@BeforeTest BT" time="0.0">
    <ignored/>
  </testcase> <!-- @BeforeTest BT -->
  <testcase classname="Generic_utility.Base_class01" name="@AfterSuite AS" time="0.0">
    <ignored/>
  </testcase> <!-- @AfterSuite AS -->
  <testcase classname="Generic_utility.Base_class01" name="@BeforeSuite BS" time="0.0">
    <ignored/>
  </testcase> <!-- @BeforeSuite BS -->
</testsuite> <!-- Test1111111 -->
