<?xml version="1.0" encoding="UTF-8"?>
<!-- Generated by org.testng.reporters.JUnitXMLReporter -->
<testsuite ignored="1" hostname="DESKTOP-7HVNTQK" failures="0" tests="1" name="Test" time="46.497" errors="0" timestamp="2024-12-19T17:50:25 IST">
  <testcase classname="CreateCampaign.Create_Campaign01Test" name="Create_Product01Test" time="33.161"/>
  <testcase classname="CreateCampaign.Create_Campaign01Test" name="Create_Campaign01Test" time="0.0">
    <ignored/>
  </testcase> <!-- Create_Campaign01Test -->
</testsuite> <!-- Test -->
